2024.05.27 03:00:57 INFO  Started: Metals version 1.3.1 in folders '/Users/amirmohammadmehri/Documents/project/suniform' for client Visual Studio Code 1.89.1.
SLF4J(W): Class path contains multiple SLF4J providers.
SLF4J(W): Found provider [scribe.slf4j.ScribeServiceProvider@589fb35f]
SLF4J(W): Found provider [ch.qos.logback.classic.spi.LogbackServiceProvider@62d5532d]
SLF4J(W): See https://www.slf4j.org/codes.html#multiple_bindings for an explanation.
SLF4J(I): Actual provider is of type [scribe.slf4j.ScribeServiceProvider@589fb35f]
2024.05.27 03:00:57 WARN  Flyway upgrade recommended: H2 2.2.224 is newer than this version of Flyway and support has not been tested. The latest supported version of H2 is 2.2.220.
2024.05.27 03:01:00 INFO  running '/usr/local/bin/sbt -Dbloop.export-jar-classifiers=sources bloopInstall'
2024.05.27 03:01:00 INFO  no build target found for /Users/amirmohammadmehri/Documents/project/suniform/project/metals.sbt. Using presentation compiler with project's scala-library version: 3.3.3
2024.05.27 03:01:00 WARN  no build target for: /Users/amirmohammadmehri/Documents/project/suniform/project/metals.sbt
2024.05.27 03:01:00 WARN  no build target for: /Users/amirmohammadmehri/Documents/project/suniform/project/project/metals.sbt
2024.05.27 03:01:03 INFO  no build target found for /Users/amirmohammadmehri/Documents/project/suniform/project/project/metals.sbt. Using presentation compiler with project's scala-library version: 3.3.3
2024.05.27 03:01:03 INFO  [info] Updated file /Users/amirmohammadmehri/Documents/project/suniform/project/build.properties: set sbt.version to 1.9.7
2024.05.27 03:01:03 INFO  [info] welcome to sbt 1.9.7 (Eclipse Adoptium Java 17.0.4.1)
2024.05.27 03:01:10 INFO  [info] loading global plugins from /Users/amirmohammadmehri/.sbt/1.0/plugins
2024.05.27 03:01:12 INFO  [info] loading settings for project suniform-build-build from metals.sbt ...
2024.05.27 03:01:12 INFO  [info] loading project definition from /Users/amirmohammadmehri/Documents/project/suniform/project/project
2024.05.27 03:01:14 INFO  [info] loading settings for project suniform-build from metals.sbt ...
2024.05.27 03:01:14 INFO  [info] loading project definition from /Users/amirmohammadmehri/Documents/project/suniform/project
2024.05.27 03:01:16 INFO  [success] Generated .bloop/suniform-build.json
2024.05.27 03:01:16 INFO  [success] Total time: 2 s, completed May 27, 2024, 3:01:16 AM
2024.05.27 03:01:18 INFO  [info] loading settings for project suniform from build.sbt ...
2024.05.27 03:01:18 INFO  [info] set current project to suniform (in build file:/Users/amirmohammadmehri/Documents/project/suniform/)
2024.05.27 03:01:18 INFO  [success] Generated .bloop/suniform-test.json
2024.05.27 03:01:18 INFO  [success] Generated .bloop/suniform.json
2024.05.27 03:01:18 INFO  [success] Total time: 1 s, completed May 27, 2024, 3:01:19 AM
2024.05.27 03:01:19 INFO  time: ran 'sbt bloopInstall' in 18s
2024.05.27 03:01:19 INFO  Attempting to connect to the build server...
2024.05.27 03:01:19 INFO  tracing is disabled for protocol BSP, to enable tracing of incoming and outgoing JSON messages create an empty file at /Users/amirmohammadmehri/Documents/project/suniform/.metals/bsp.trace.json or /Users/amirmohammadmehri/Library/Caches/org.scalameta.metals/bsp.trace.json
2024.05.27 03:01:19 INFO  Attempting to connect to the build server...
2024.05.27 03:01:19 INFO  tracing is disabled for protocol BSP, to enable tracing of incoming and outgoing JSON messages create an empty file at /Users/amirmohammadmehri/Documents/project/suniform/project/.metals/bsp.trace.json or /Users/amirmohammadmehri/Library/Caches/org.scalameta.metals/bsp.trace.json
2024.05.27 03:01:19 INFO  time: Connected to build server in 0.93s
2024.05.27 03:01:20 INFO  Connected to Build server: Bloop v1.5.17
2024.05.27 03:01:36 INFO  time: indexed workspace in 16s
2024.05.27 03:01:41 INFO  compiling suniform (21 scala sources)
2024.05.27 03:01:47 INFO  time: compiled suniform in 5.91s
May 27, 2024 3:34:26 AM org.eclipse.lsp4j.jsonrpc.RemoteEndpoint handleCancellation
WARNING: Unmatched cancel notification for request id 49
2024.05.27 04:43:10 WARN  Flyway upgrade recommended: H2 2.2.224 is newer than this version of Flyway and support has not been tested. The latest supported version of H2 is 2.2.220.
2024.05.27 04:43:11 INFO  no build target found for /akka/http/scaladsl/server/package.scala. Using presentation compiler with project's scala-library version: 3.3.3
May 27, 2024 4:43:11 AM org.eclipse.lsp4j.jsonrpc.RemoteEndpoint handleCancellation
WARNING: Unmatched cancel notification for request id 102
2024.05.27 04:43:25 INFO  compiling suniform (1 scala source)
2024.05.27 04:43:25 INFO  time: compiled suniform in 0.24s
2024.05.27 04:43:30 INFO  compiling suniform (1 scala source)
2024.05.27 04:43:30 INFO  time: compiled suniform in 0.18s
2024.05.27 04:43:30 INFO  compiling suniform (1 scala source)
2024.05.27 04:43:30 INFO  time: compiled suniform in 0.19s
May 27, 2024 4:43:30 AM org.eclipse.lsp4j.jsonrpc.RemoteEndpoint handleCancellation
WARNING: Unmatched cancel notification for request id 157
2024.05.27 04:43:41 INFO  compiling suniform (2 scala sources)
2024.05.27 04:43:42 INFO  time: compiled suniform in 1.58s
2024.05.27 04:43:42 INFO  compiling suniform (1 scala source)
2024.05.27 04:43:42 INFO  time: compiled suniform in 0.45s
2024.05.27 04:44:29 INFO  compiling suniform (2 scala sources)
2024.05.27 04:44:29 INFO  compiling suniform (2 scala sources)
2024.05.27 04:44:30 INFO  time: compiled suniform in 0.18s
2024.05.27 04:44:30 INFO  compiling suniform (1 scala source)
2024.05.27 04:44:30 INFO  time: compiled suniform in 0.39s
2024.05.27 04:44:34 INFO  no build target found for /scala/concurrent/Future.scala. Using presentation compiler with project's scala-library version: 3.3.3
2024.05.27 04:44:37 INFO  compiling suniform (2 scala sources)
2024.05.27 04:44:39 INFO  time: compiled suniform in 1.42s
2024.05.27 04:44:39 INFO  compiling suniform (1 scala source)
2024.05.27 04:44:39 INFO  time: compiled suniform in 0.39s
2024.05.27 04:44:44 INFO  compiling suniform (2 scala sources)
2024.05.27 04:44:45 INFO  time: compiled suniform in 1.16s
2024.05.27 04:44:45 INFO  compiling suniform (1 scala source)
2024.05.27 04:44:45 INFO  time: compiled suniform in 0.46s
2024.05.27 04:44:49 INFO  compiling suniform (2 scala sources)
2024.05.27 04:44:50 INFO  time: compiled suniform in 1.22s
2024.05.27 04:44:50 INFO  compiling suniform (1 scala source)
2024.05.27 04:44:50 INFO  time: compiled suniform in 0.34s
2024.05.27 04:44:55 INFO  compiling suniform (2 scala sources)
2024.05.27 04:44:56 INFO  time: compiled suniform in 1.19s
2024.05.27 04:44:56 INFO  compiling suniform (1 scala source)
2024.05.27 04:44:56 INFO  time: compiled suniform in 0.42s
2024.05.27 04:45:01 INFO  compiling suniform (2 scala sources)
2024.05.27 04:45:02 INFO  time: compiled suniform in 1.2s
2024.05.27 04:45:02 INFO  compiling suniform (1 scala source)
2024.05.27 04:45:02 INFO  time: compiled suniform in 0.3s
2024.05.27 04:45:06 INFO  compiling suniform (2 scala sources)
2024.05.27 04:45:07 INFO  time: compiled suniform in 1.25s
2024.05.27 04:45:07 INFO  compiling suniform (1 scala source)
2024.05.27 04:45:07 INFO  time: compiled suniform in 0.29s
2024.05.27 04:45:13 INFO  compiling suniform (2 scala sources)
2024.05.27 04:45:14 INFO  time: compiled suniform in 1.1s
2024.05.27 04:45:14 INFO  compiling suniform (1 scala source)
2024.05.27 04:45:14 INFO  time: compiled suniform in 0.34s
2024.05.27 04:45:47 INFO  compiling suniform (3 scala sources)
2024.05.27 04:45:49 INFO  time: compiled suniform in 1.88s
2024.05.27 04:46:22 INFO  Disconnecting from Bloop session...
2024.05.27 04:46:22 INFO  Shut down connection with build server.
2024.05.27 04:46:22 INFO  Shut down connection with build server.
2024.05.27 04:46:22 INFO  Attempting to connect to the build server...
May 27, 2024 4:46:23 AM org.eclipse.lsp4j.jsonrpc.RemoteEndpoint handleCancellation
WARNING: Unmatched cancel notification for request id 537
2024.05.27 04:46:28 INFO  tracing is disabled for protocol BSP, to enable tracing of incoming and outgoing JSON messages create an empty file at /Users/amirmohammadmehri/Documents/project/suniform/.metals/bsp.trace.json or /Users/amirmohammadmehri/Library/Caches/org.scalameta.metals/bsp.trace.json
2024.05.27 04:46:28 INFO  Attempting to connect to the build server...
2024.05.27 04:46:28 INFO  tracing is disabled for protocol BSP, to enable tracing of incoming and outgoing JSON messages create an empty file at /Users/amirmohammadmehri/Documents/project/suniform/project/.metals/bsp.trace.json or /Users/amirmohammadmehri/Library/Caches/org.scalameta.metals/bsp.trace.json
2024.05.27 04:46:28 INFO  time: Connected to build server in 6.57s
2024.05.27 04:46:28 INFO  Connected to Build server: Bloop v1.5.17
2024.05.27 04:46:29 INFO  time: Imported build in 0.12s
2024.05.27 04:46:35 INFO  time: indexed workspace in 6.71s
May 27, 2024 4:47:40 AM org.eclipse.lsp4j.jsonrpc.RemoteEndpoint handleCancellation
WARNING: Unmatched cancel notification for request id 594
2024.05.27 04:47:43 INFO  no build target found for /scala/concurrent/ExecutionContext.scala. Using presentation compiler with project's scala-library version: 3.3.3
May 27, 2024 4:48:04 AM org.eclipse.lsp4j.jsonrpc.RemoteEndpoint handleCancellation
WARNING: Unmatched cancel notification for request id 626
2024.05.27 04:48:15 INFO  compiling suniform (1 scala source)
2024.05.27 04:48:15 WARN  Could not load snapshot text for /Users/amirmohammadmehri/Documents/project/suniform/src/main/scala/suniform/question/Repo.scala
2024.05.27 04:48:26 INFO  time: compiled suniform in 10s
May 27, 2024 4:49:00 AM org.eclipse.lsp4j.jsonrpc.RemoteEndpoint handleCancellation
WARNING: Unmatched cancel notification for request id 661
2024.05.27 20:38:56 INFO  Shutting down server
2024.05.27 20:38:56 INFO  shutting down Metals
2024.05.27 20:38:56 INFO  Shut down connection with build server.
2024.05.27 20:38:56 INFO  Shut down connection with build server.
2024.05.27 20:38:56 INFO  Exiting server
2024.05.28 00:31:35 INFO  Started: Metals version 1.3.1 in folders '/Users/amirmohammadmehri/Documents/project/suniform' for client Visual Studio Code 1.89.1.
SLF4J(W): Class path contains multiple SLF4J providers.
SLF4J(W): Found provider [scribe.slf4j.ScribeServiceProvider@6b6e93a3]
SLF4J(W): Found provider [ch.qos.logback.classic.spi.LogbackServiceProvider@3dfa3dde]
SLF4J(W): See https://www.slf4j.org/codes.html#multiple_bindings for an explanation.
SLF4J(I): Actual provider is of type [scribe.slf4j.ScribeServiceProvider@6b6e93a3]
2024.05.28 00:31:35 WARN  Flyway upgrade recommended: H2 2.2.224 is newer than this version of Flyway and support has not been tested. The latest supported version of H2 is 2.2.220.
2024.05.28 00:31:36 INFO  Attempting to connect to the build server...
2024.05.28 00:31:36 INFO  no build target found for /Users/amirmohammadmehri/Documents/project/suniform/build.sbt. Using presentation compiler with project's scala-library version: 3.3.3
2024.05.28 00:31:37 INFO  tracing is disabled for protocol BSP, to enable tracing of incoming and outgoing JSON messages create an empty file at /Users/amirmohammadmehri/Documents/project/suniform/.metals/bsp.trace.json or /Users/amirmohammadmehri/Library/Caches/org.scalameta.metals/bsp.trace.json
2024.05.28 00:31:37 INFO  Attempting to connect to the build server...
2024.05.28 00:31:37 INFO  tracing is disabled for protocol BSP, to enable tracing of incoming and outgoing JSON messages create an empty file at /Users/amirmohammadmehri/Documents/project/suniform/project/.metals/bsp.trace.json or /Users/amirmohammadmehri/Library/Caches/org.scalameta.metals/bsp.trace.json
2024.05.28 00:31:37 INFO  time: Connected to build server in 0.87s
2024.05.28 00:31:37 INFO  Connected to Build server: Bloop v1.5.17
2024.05.28 00:31:37 INFO  time: Imported build in 0.1s
2024.05.28 00:31:52 INFO  time: indexed workspace in 14s
2024.05.28 00:31:56 INFO  time: code lens generation in 3.3s
2024.05.28 00:31:56 INFO  time: code lens generation in 2.87s
2024.05.28 00:33:04 INFO  Shutting down server
2024.05.28 00:33:04 INFO  shutting down Metals
2024.05.28 00:33:04 INFO  Shut down connection with build server.
2024.05.28 00:33:04 INFO  Shut down connection with build server.
2024.05.28 00:33:04 INFO  Exiting server
2024.05.28 05:14:01 INFO  Started: Metals version 1.3.1 in folders '/Users/amirmohammadmehri/Documents/project/suniform' for client Visual Studio Code 1.89.1.
SLF4J(W): Class path contains multiple SLF4J providers.
SLF4J(W): Found provider [scribe.slf4j.ScribeServiceProvider@7f2434cd]
SLF4J(W): Found provider [ch.qos.logback.classic.spi.LogbackServiceProvider@135ce23a]
SLF4J(W): See https://www.slf4j.org/codes.html#multiple_bindings for an explanation.
SLF4J(I): Actual provider is of type [scribe.slf4j.ScribeServiceProvider@7f2434cd]
2024.05.28 05:14:01 WARN  Flyway upgrade recommended: H2 2.2.224 is newer than this version of Flyway and support has not been tested. The latest supported version of H2 is 2.2.220.
2024.05.28 05:14:02 INFO  Attempting to connect to the build server...
2024.05.28 05:14:02 INFO  no build target found for /Users/amirmohammadmehri/Documents/project/suniform/build.sbt. Using presentation compiler with project's scala-library version: 3.3.3
2024.05.28 05:14:03 INFO  tracing is disabled for protocol BSP, to enable tracing of incoming and outgoing JSON messages create an empty file at /Users/amirmohammadmehri/Documents/project/suniform/.metals/bsp.trace.json or /Users/amirmohammadmehri/Library/Caches/org.scalameta.metals/bsp.trace.json
2024.05.28 05:14:03 INFO  Attempting to connect to the build server...
2024.05.28 05:14:03 INFO  tracing is disabled for protocol BSP, to enable tracing of incoming and outgoing JSON messages create an empty file at /Users/amirmohammadmehri/Documents/project/suniform/project/.metals/bsp.trace.json or /Users/amirmohammadmehri/Library/Caches/org.scalameta.metals/bsp.trace.json
2024.05.28 05:14:03 INFO  time: Connected to build server in 1.17s
2024.05.28 05:14:03 INFO  Connected to Build server: Bloop v1.5.17
2024.05.28 05:14:04 WARN  Could not find semantic tokens for: file:///Users/amirmohammadmehri/Documents/project/suniform/build.sbt
May 28, 2024 5:14:11 AM org.eclipse.lsp4j.jsonrpc.RemoteEndpoint handleCancellation
WARNING: Unmatched cancel notification for request id 8
May 28, 2024 5:14:16 AM org.eclipse.lsp4j.jsonrpc.RemoteEndpoint handleCancellation
WARNING: Unmatched cancel notification for request id 18
2024.05.28 05:14:17 INFO  time: indexed workspace in 13s
2024.05.28 05:14:20 INFO  time: code lens generation in 2.11s
2024.05.28 05:27:09 INFO  Shutting down server
2024.05.28 05:27:09 INFO  shutting down Metals
2024.05.28 05:27:09 INFO  Shut down connection with build server.
2024.05.28 05:27:09 INFO  Shut down connection with build server.
2024.05.28 05:27:09 INFO  Exiting server
2024.05.28 21:06:31 INFO  Started: Metals version 1.3.1 in folders '/Users/amirmohammadmehri/Documents/project/suniform' for client Visual Studio Code 1.89.1.
SLF4J(W): Class path contains multiple SLF4J providers.
SLF4J(W): Found provider [scribe.slf4j.ScribeServiceProvider@7f2434cd]
SLF4J(W): Found provider [ch.qos.logback.classic.spi.LogbackServiceProvider@135ce23a]
SLF4J(W): See https://www.slf4j.org/codes.html#multiple_bindings for an explanation.
SLF4J(I): Actual provider is of type [scribe.slf4j.ScribeServiceProvider@7f2434cd]
2024.05.28 21:06:31 WARN  Flyway upgrade recommended: H2 2.2.224 is newer than this version of Flyway and support has not been tested. The latest supported version of H2 is 2.2.220.
2024.05.28 21:06:32 INFO  Attempting to connect to the build server...
2024.05.28 21:06:34 INFO  tracing is disabled for protocol BSP, to enable tracing of incoming and outgoing JSON messages create an empty file at /Users/amirmohammadmehri/Documents/project/suniform/.metals/bsp.trace.json or /Users/amirmohammadmehri/Library/Caches/org.scalameta.metals/bsp.trace.json
2024.05.28 21:06:34 INFO  Attempting to connect to the build server...
2024.05.28 21:06:34 INFO  tracing is disabled for protocol BSP, to enable tracing of incoming and outgoing JSON messages create an empty file at /Users/amirmohammadmehri/Documents/project/suniform/project/.metals/bsp.trace.json or /Users/amirmohammadmehri/Library/Caches/org.scalameta.metals/bsp.trace.json
2024.05.28 21:06:34 INFO  time: Connected to build server in 1.97s
2024.05.28 21:06:34 INFO  Connected to Build server: Bloop v1.5.17
2024.05.28 21:06:49 INFO  time: indexed workspace in 14s
2024.05.28 21:07:00 INFO  Shutting down server
2024.05.28 21:07:00 INFO  shutting down Metals
2024.05.28 21:07:00 INFO  Shut down connection with build server.
2024.05.28 21:07:00 INFO  Shut down connection with build server.
2024.05.28 21:07:00 INFO  Exiting server
2024.05.28 21:08:24 INFO  Started: Metals version 1.3.1 in folders '/Users/amirmohammadmehri/Documents/project/suniform' for client Visual Studio Code 1.89.1.
SLF4J(W): Class path contains multiple SLF4J providers.
SLF4J(W): Found provider [scribe.slf4j.ScribeServiceProvider@6d9b3b85]
SLF4J(W): Found provider [ch.qos.logback.classic.spi.LogbackServiceProvider@707d4958]
SLF4J(W): See https://www.slf4j.org/codes.html#multiple_bindings for an explanation.
SLF4J(I): Actual provider is of type [scribe.slf4j.ScribeServiceProvider@6d9b3b85]
2024.05.28 21:08:24 WARN  Flyway upgrade recommended: H2 2.2.224 is newer than this version of Flyway and support has not been tested. The latest supported version of H2 is 2.2.220.
2024.05.28 21:08:25 INFO  Attempting to connect to the build server...
2024.05.28 21:08:27 INFO  tracing is disabled for protocol BSP, to enable tracing of incoming and outgoing JSON messages create an empty file at /Users/amirmohammadmehri/Documents/project/suniform/.metals/bsp.trace.json or /Users/amirmohammadmehri/Library/Caches/org.scalameta.metals/bsp.trace.json
2024.05.28 21:08:27 INFO  Attempting to connect to the build server...
2024.05.28 21:08:27 INFO  tracing is disabled for protocol BSP, to enable tracing of incoming and outgoing JSON messages create an empty file at /Users/amirmohammadmehri/Documents/project/suniform/project/.metals/bsp.trace.json or /Users/amirmohammadmehri/Library/Caches/org.scalameta.metals/bsp.trace.json
2024.05.28 21:08:27 INFO  time: Connected to build server in 1.66s
2024.05.28 21:08:27 INFO  Connected to Build server: Bloop v1.5.17
2024.05.28 21:08:32 INFO  Shutting down server
2024.05.28 21:08:32 INFO  shutting down Metals
2024.05.28 21:08:32 INFO  Shut down connection with build server.
2024.05.28 21:08:32 INFO  Shut down connection with build server.
2024.05.28 21:08:32 INFO  Exiting server
2024.05.28 21:14:29 INFO  Started: Metals version 1.3.1 in folders '/Users/amirmohammadmehri/Documents/project/suniform' for client Visual Studio Code 1.89.1.
SLF4J(W): Class path contains multiple SLF4J providers.
SLF4J(W): Found provider [scribe.slf4j.ScribeServiceProvider@646d5221]
SLF4J(W): Found provider [ch.qos.logback.classic.spi.LogbackServiceProvider@45280c57]
SLF4J(W): See https://www.slf4j.org/codes.html#multiple_bindings for an explanation.
SLF4J(I): Actual provider is of type [scribe.slf4j.ScribeServiceProvider@646d5221]
2024.05.28 21:14:30 WARN  Flyway upgrade recommended: H2 2.2.224 is newer than this version of Flyway and support has not been tested. The latest supported version of H2 is 2.2.220.
2024.05.28 21:14:31 INFO  Attempting to connect to the build server...
2024.05.28 21:14:31 INFO  tracing is disabled for protocol BSP, to enable tracing of incoming and outgoing JSON messages create an empty file at /Users/amirmohammadmehri/Documents/project/suniform/.metals/bsp.trace.json or /Users/amirmohammadmehri/Library/Caches/org.scalameta.metals/bsp.trace.json
2024.05.28 21:14:31 INFO  Attempting to connect to the build server...
2024.05.28 21:14:32 INFO  tracing is disabled for protocol BSP, to enable tracing of incoming and outgoing JSON messages create an empty file at /Users/amirmohammadmehri/Documents/project/suniform/project/.metals/bsp.trace.json or /Users/amirmohammadmehri/Library/Caches/org.scalameta.metals/bsp.trace.json
2024.05.28 21:14:32 INFO  time: Connected to build server in 1.08s
2024.05.28 21:14:32 INFO  Connected to Build server: Bloop v1.5.17
2024.05.28 21:14:46 INFO  time: indexed workspace in 14s
2024.05.28 23:52:17 INFO  Shutting down server
2024.05.28 23:52:17 INFO  shutting down Metals
2024.05.28 23:52:17 INFO  Shut down connection with build server.
2024.05.28 23:52:17 INFO  Shut down connection with build server.
2024.05.28 23:52:17 INFO  Exiting server
2024.05.29 00:27:25 INFO  Started: Metals version 1.3.1 in folders '/Users/amirmohammadmehri/Documents/project/suniform' for client Visual Studio Code 1.89.1.
SLF4J(W): Class path contains multiple SLF4J providers.
SLF4J(W): Found provider [scribe.slf4j.ScribeServiceProvider@3dfa3dde]
SLF4J(W): Found provider [ch.qos.logback.classic.spi.LogbackServiceProvider@219a7cd]
SLF4J(W): See https://www.slf4j.org/codes.html#multiple_bindings for an explanation.
SLF4J(I): Actual provider is of type [scribe.slf4j.ScribeServiceProvider@3dfa3dde]
2024.05.29 00:27:25 WARN  Flyway upgrade recommended: H2 2.2.224 is newer than this version of Flyway and support has not been tested. The latest supported version of H2 is 2.2.220.
2024.05.29 00:27:26 INFO  no build target found for /Users/amirmohammadmehri/Documents/project/suniform/build.sbt. Using presentation compiler with project's scala-library version: 3.3.3
2024.05.29 00:27:27 INFO  Attempting to connect to the build server...
2024.05.29 00:27:26 INFO  no build target found for /Users/amirmohammadmehri/Documents/project/suniform/build.sbt. Using presentation compiler with project's scala-library version: 3.3.3
2024.05.29 00:27:29 INFO  no build target found for /Users/amirmohammadmehri/Documents/project/suniform/src/main/scala/suniform/db/Connector.scala. Using presentation compiler with project's scala-library version: 3.3.3
May 29, 2024 12:27:29 AM org.eclipse.lsp4j.jsonrpc.RemoteEndpoint handleCancellation
WARNING: Unmatched cancel notification for request id 8
2024.05.29 00:27:29 INFO  tracing is disabled for protocol BSP, to enable tracing of incoming and outgoing JSON messages create an empty file at /Users/amirmohammadmehri/Documents/project/suniform/.metals/bsp.trace.json or /Users/amirmohammadmehri/Library/Caches/org.scalameta.metals/bsp.trace.json
2024.05.29 00:27:29 INFO  Attempting to connect to the build server...
2024.05.29 00:27:29 INFO  tracing is disabled for protocol BSP, to enable tracing of incoming and outgoing JSON messages create an empty file at /Users/amirmohammadmehri/Documents/project/suniform/project/.metals/bsp.trace.json or /Users/amirmohammadmehri/Library/Caches/org.scalameta.metals/bsp.trace.json
2024.05.29 00:27:29 INFO  time: Connected to build server in 2.8s
2024.05.29 00:27:29 INFO  Connected to Build server: Bloop v1.5.17
2024.05.29 00:27:30 INFO  no build target found for /Users/amirmohammadmehri/Documents/project/suniform/src/main/scala/suniform/db/Connector.scala. Using presentation compiler with project's scala-library version: 2.13.13
2024.05.29 00:27:50 INFO  time: indexed workspace in 20s
2024.05.29 00:27:55 INFO  time: code lens generation in 4.88s
May 29, 2024 12:37:42 AM org.eclipse.lsp4j.jsonrpc.RemoteEndpoint handleCancellation
WARNING: Unmatched cancel notification for request id 79
2024.05.29 01:46:26 INFO  Shutting down server
2024.05.29 01:46:26 INFO  shutting down Metals
2024.05.29 01:46:26 INFO  Shut down connection with build server.
2024.05.29 01:46:26 INFO  Shut down connection with build server.
2024.05.29 01:46:26 INFO  Exiting server
2024.05.29 01:55:04 INFO  Started: Metals version 1.3.1 in folders '/Users/amirmohammadmehri/Documents/project/suniform' for client Visual Studio Code 1.89.1.
SLF4J(W): Class path contains multiple SLF4J providers.
SLF4J(W): Found provider [scribe.slf4j.ScribeServiceProvider@216da61a]
SLF4J(W): Found provider [ch.qos.logback.classic.spi.LogbackServiceProvider@4b9721b1]
SLF4J(W): See https://www.slf4j.org/codes.html#multiple_bindings for an explanation.
SLF4J(I): Actual provider is of type [scribe.slf4j.ScribeServiceProvider@216da61a]
2024.05.29 01:55:05 WARN  Flyway upgrade recommended: H2 2.2.224 is newer than this version of Flyway and support has not been tested. The latest supported version of H2 is 2.2.220.
2024.05.29 01:55:05 INFO  Attempting to connect to the build server...
2024.05.29 01:55:08 INFO  tracing is disabled for protocol BSP, to enable tracing of incoming and outgoing JSON messages create an empty file at /Users/amirmohammadmehri/Documents/project/suniform/.metals/bsp.trace.json or /Users/amirmohammadmehri/Library/Caches/org.scalameta.metals/bsp.trace.json
2024.05.29 01:55:08 INFO  Attempting to connect to the build server...
2024.05.29 01:55:08 INFO  tracing is disabled for protocol BSP, to enable tracing of incoming and outgoing JSON messages create an empty file at /Users/amirmohammadmehri/Documents/project/suniform/project/.metals/bsp.trace.json or /Users/amirmohammadmehri/Library/Caches/org.scalameta.metals/bsp.trace.json
2024.05.29 01:55:08 INFO  time: Connected to build server in 1.97s
2024.05.29 01:55:08 INFO  Connected to Build server: Bloop v1.5.17
2024.05.29 01:55:35 INFO  time: indexed workspace in 26s
2024.05.29 02:07:19 INFO  Shutting down server
2024.05.29 02:07:19 INFO  shutting down Metals
2024.05.29 02:07:19 INFO  Shut down connection with build server.
2024.05.29 02:07:19 INFO  Shut down connection with build server.
2024.05.29 02:07:19 INFO  Exiting server
2024.05.29 03:10:21 INFO  Started: Metals version 1.3.1 in folders '/Users/amirmohammadmehri/Documents/project/suniform' for client Visual Studio Code 1.89.1.
SLF4J(W): Class path contains multiple SLF4J providers.
SLF4J(W): Found provider [scribe.slf4j.ScribeServiceProvider@68ecda78]
SLF4J(W): Found provider [ch.qos.logback.classic.spi.LogbackServiceProvider@123690c1]
SLF4J(W): See https://www.slf4j.org/codes.html#multiple_bindings for an explanation.
SLF4J(I): Actual provider is of type [scribe.slf4j.ScribeServiceProvider@68ecda78]
2024.05.29 03:10:22 WARN  Flyway upgrade recommended: H2 2.2.224 is newer than this version of Flyway and support has not been tested. The latest supported version of H2 is 2.2.220.
2024.05.29 03:10:22 INFO  Attempting to connect to the build server...
2024.05.29 03:10:29 INFO  tracing is disabled for protocol BSP, to enable tracing of incoming and outgoing JSON messages create an empty file at /Users/amirmohammadmehri/Documents/project/suniform/.metals/bsp.trace.json or /Users/amirmohammadmehri/Library/Caches/org.scalameta.metals/bsp.trace.json
2024.05.29 03:10:29 INFO  Attempting to connect to the build server...
2024.05.29 03:10:29 INFO  tracing is disabled for protocol BSP, to enable tracing of incoming and outgoing JSON messages create an empty file at /Users/amirmohammadmehri/Documents/project/suniform/project/.metals/bsp.trace.json or /Users/amirmohammadmehri/Library/Caches/org.scalameta.metals/bsp.trace.json
2024.05.29 03:10:29 INFO  time: Connected to build server in 6.46s
2024.05.29 03:10:29 INFO  Connected to Build server: Bloop v1.5.17
2024.05.29 03:10:29 INFO  time: Imported build in 0.17s
2024.05.29 03:10:47 INFO  time: indexed workspace in 17s
2024.05.29 03:38:42 INFO  time: code lens generation in 3.01s
2024.05.29 03:38:42 INFO  time: code lens generation in 2.11s
2024.05.29 03:46:03 INFO  Shutting down server
2024.05.29 03:46:03 INFO  shutting down Metals
2024.05.29 03:46:03 INFO  Shut down connection with build server.
2024.05.29 03:46:03 INFO  Shut down connection with build server.
2024.05.29 03:46:03 INFO  Exiting server
2024.05.29 08:24:30 INFO  Started: Metals version 1.3.1 in folders '/Users/amirmohammadmehri/Documents/project/suniform' for client Visual Studio Code 1.89.1.
SLF4J(W): Class path contains multiple SLF4J providers.
SLF4J(W): Found provider [scribe.slf4j.ScribeServiceProvider@41194729]
SLF4J(W): Found provider [ch.qos.logback.classic.spi.LogbackServiceProvider@bf32b4d]
SLF4J(W): See https://www.slf4j.org/codes.html#multiple_bindings for an explanation.
SLF4J(I): Actual provider is of type [scribe.slf4j.ScribeServiceProvider@41194729]
2024.05.29 08:24:31 WARN  Flyway upgrade recommended: H2 2.2.224 is newer than this version of Flyway and support has not been tested. The latest supported version of H2 is 2.2.220.
2024.05.29 08:24:32 INFO  Attempting to connect to the build server...
2024.05.29 08:24:32 INFO  tracing is disabled for protocol BSP, to enable tracing of incoming and outgoing JSON messages create an empty file at /Users/amirmohammadmehri/Documents/project/suniform/.metals/bsp.trace.json or /Users/amirmohammadmehri/Library/Caches/org.scalameta.metals/bsp.trace.json
2024.05.29 08:24:32 INFO  Attempting to connect to the build server...
2024.05.29 08:24:32 INFO  tracing is disabled for protocol BSP, to enable tracing of incoming and outgoing JSON messages create an empty file at /Users/amirmohammadmehri/Documents/project/suniform/project/.metals/bsp.trace.json or /Users/amirmohammadmehri/Library/Caches/org.scalameta.metals/bsp.trace.json
2024.05.29 08:24:32 INFO  time: Connected to build server in 0.54s
2024.05.29 08:24:32 INFO  Connected to Build server: Bloop v1.5.17
May 29, 2024 8:24:39 AM org.eclipse.lsp4j.jsonrpc.RemoteEndpoint handleCancellation
WARNING: Unmatched cancel notification for request id 9
2024.05.29 08:24:46 INFO  time: indexed workspace in 14s
May 29, 2024 8:25:23 AM org.eclipse.lsp4j.jsonrpc.RemoteEndpoint handleCancellation
WARNING: Unmatched cancel notification for request id 56
May 29, 2024 8:25:26 AM org.eclipse.lsp4j.jsonrpc.RemoteEndpoint handleCancellation
WARNING: Unmatched cancel notification for request id 74
2024.05.29 08:35:24 INFO  Shutting down server
2024.05.29 08:35:24 INFO  shutting down Metals
2024.05.29 08:35:24 INFO  Shut down connection with build server.
2024.05.29 08:35:24 INFO  Shut down connection with build server.
2024.05.29 08:35:24 INFO  Exiting server
2024.05.29 18:07:21 INFO  Started: Metals version 1.3.1 in folders '/Users/amirmohammadmehri/Documents/project/suniform' for client Visual Studio Code 1.89.1.
SLF4J(W): Class path contains multiple SLF4J providers.
SLF4J(W): Found provider [scribe.slf4j.ScribeServiceProvider@7f2434cd]
SLF4J(W): Found provider [ch.qos.logback.classic.spi.LogbackServiceProvider@135ce23a]
SLF4J(W): See https://www.slf4j.org/codes.html#multiple_bindings for an explanation.
SLF4J(I): Actual provider is of type [scribe.slf4j.ScribeServiceProvider@7f2434cd]
2024.05.29 18:07:21 WARN  Flyway upgrade recommended: H2 2.2.224 is newer than this version of Flyway and support has not been tested. The latest supported version of H2 is 2.2.220.
2024.05.29 18:07:22 INFO  Attempting to connect to the build server...
2024.05.29 18:07:22 INFO  no build target found for /Users/amirmohammadmehri/Documents/project/suniform/src/main/scala/suniform/question/Router.scala. Using presentation compiler with project's scala-library version: 3.3.3
2024.05.29 18:07:23 INFO  tracing is disabled for protocol BSP, to enable tracing of incoming and outgoing JSON messages create an empty file at /Users/amirmohammadmehri/Documents/project/suniform/.metals/bsp.trace.json or /Users/amirmohammadmehri/Library/Caches/org.scalameta.metals/bsp.trace.json
2024.05.29 18:07:23 INFO  Attempting to connect to the build server...
2024.05.29 18:07:23 INFO  tracing is disabled for protocol BSP, to enable tracing of incoming and outgoing JSON messages create an empty file at /Users/amirmohammadmehri/Documents/project/suniform/project/.metals/bsp.trace.json or /Users/amirmohammadmehri/Library/Caches/org.scalameta.metals/bsp.trace.json
2024.05.29 18:07:23 INFO  time: Connected to build server in 0.86s
2024.05.29 18:07:23 INFO  Connected to Build server: Bloop v1.5.17
2024.05.29 18:07:38 INFO  time: indexed workspace in 14s
2024.05.29 18:08:07 WARN  Flyway upgrade recommended: H2 2.2.224 is newer than this version of Flyway and support has not been tested. The latest supported version of H2 is 2.2.220.
2024.05.29 18:08:07 INFO  no build target found for /akka/http/scaladsl/ServerBuilder.scala. Using presentation compiler with project's scala-library version: 3.3.3
2024.05.29 22:47:20 INFO  Shutting down server
2024.05.29 22:47:20 INFO  shutting down Metals
2024.05.29 22:47:20 INFO  Exiting server
2024.05.30 03:40:47 INFO  Started: Metals version 1.3.1 in folders '/Users/amirmohammadmehri/Documents/project/suniform' for client Visual Studio Code 1.89.1.
SLF4J(W): Class path contains multiple SLF4J providers.
SLF4J(W): Found provider [scribe.slf4j.ScribeServiceProvider@7f2434cd]
SLF4J(W): Found provider [ch.qos.logback.classic.spi.LogbackServiceProvider@135ce23a]
SLF4J(W): See https://www.slf4j.org/codes.html#multiple_bindings for an explanation.
SLF4J(I): Actual provider is of type [scribe.slf4j.ScribeServiceProvider@7f2434cd]
2024.05.30 03:40:47 WARN  Flyway upgrade recommended: H2 2.2.224 is newer than this version of Flyway and support has not been tested. The latest supported version of H2 is 2.2.220.
2024.05.30 03:40:49 INFO  no build target found for /Users/amirmohammadmehri/Documents/project/suniform/src/main/scala/suniform/question/Router.scala. Using presentation compiler with project's scala-library version: 3.3.3
2024.05.30 03:40:49 INFO  Attempting to connect to the build server...
2024.05.30 03:40:49 INFO  tracing is disabled for protocol BSP, to enable tracing of incoming and outgoing JSON messages create an empty file at /Users/amirmohammadmehri/Documents/project/suniform/.metals/bsp.trace.json or /Users/amirmohammadmehri/Library/Caches/org.scalameta.metals/bsp.trace.json
2024.05.30 03:40:49 INFO  Attempting to connect to the build server...
2024.05.30 03:40:49 INFO  tracing is disabled for protocol BSP, to enable tracing of incoming and outgoing JSON messages create an empty file at /Users/amirmohammadmehri/Documents/project/suniform/project/.metals/bsp.trace.json or /Users/amirmohammadmehri/Library/Caches/org.scalameta.metals/bsp.trace.json
2024.05.30 03:40:49 INFO  time: Connected to build server in 0.92s
2024.05.30 03:40:49 INFO  Connected to Build server: Bloop v1.5.17
2024.05.30 03:41:05 INFO  time: indexed workspace in 14s
2024.05.30 03:43:00 INFO  Shutting down server
2024.05.30 03:43:00 INFO  shutting down Metals
2024.05.30 03:43:00 INFO  Shut down connection with build server.
2024.05.30 03:43:00 INFO  Shut down connection with build server.
2024.05.30 03:43:00 INFO  Exiting server
2024.05.30 04:08:54 INFO  Started: Metals version 1.3.1 in folders '/Users/amirmohammadmehri/Documents/project/suniform' for client Visual Studio Code 1.89.1.
SLF4J(W): Class path contains multiple SLF4J providers.
SLF4J(W): Found provider [scribe.slf4j.ScribeServiceProvider@604850ec]
SLF4J(W): Found provider [ch.qos.logback.classic.spi.LogbackServiceProvider@7f2434cd]
SLF4J(W): See https://www.slf4j.org/codes.html#multiple_bindings for an explanation.
SLF4J(I): Actual provider is of type [scribe.slf4j.ScribeServiceProvider@604850ec]
2024.05.30 04:08:54 WARN  Flyway upgrade recommended: H2 2.2.224 is newer than this version of Flyway and support has not been tested. The latest supported version of H2 is 2.2.220.
2024.05.30 04:08:55 INFO  Attempting to connect to the build server...
2024.05.30 04:08:56 INFO  no build target found for /Users/amirmohammadmehri/Documents/project/suniform/src/main/scala/suniform/question/Router.scala. Using presentation compiler with project's scala-library version: 3.3.3
2024.05.30 04:08:55 INFO  tracing is disabled for protocol BSP, to enable tracing of incoming and outgoing JSON messages create an empty file at /Users/amirmohammadmehri/Documents/project/suniform/.metals/bsp.trace.json or /Users/amirmohammadmehri/Library/Caches/org.scalameta.metals/bsp.trace.json
2024.05.30 04:08:55 INFO  Attempting to connect to the build server...
2024.05.30 04:08:55 INFO  tracing is disabled for protocol BSP, to enable tracing of incoming and outgoing JSON messages create an empty file at /Users/amirmohammadmehri/Documents/project/suniform/project/.metals/bsp.trace.json or /Users/amirmohammadmehri/Library/Caches/org.scalameta.metals/bsp.trace.json
2024.05.30 04:08:55 INFO  time: Connected to build server in 0.95s
2024.05.30 04:08:55 INFO  Connected to Build server: Bloop v1.5.17
2024.05.30 04:08:56 INFO  time: Imported build in 0.12s
2024.05.30 04:09:10 INFO  time: indexed workspace in 13s
2024.05.30 04:09:12 INFO  Shutting down server
2024.05.30 04:09:12 INFO  shutting down Metals
2024.05.30 04:09:12 INFO  Shut down connection with build server.
2024.05.30 04:09:12 INFO  Shut down connection with build server.
2024.05.30 04:09:12 INFO  Exiting server
2024.05.30 06:20:00 INFO  Started: Metals version 1.3.1 in folders '/Users/amirmohammadmehri/Documents/project/suniform' for client Visual Studio Code 1.89.1.
SLF4J(W): Class path contains multiple SLF4J providers.
SLF4J(W): Found provider [scribe.slf4j.ScribeServiceProvider@604850ec]
SLF4J(W): Found provider [ch.qos.logback.classic.spi.LogbackServiceProvider@7f2434cd]
SLF4J(W): See https://www.slf4j.org/codes.html#multiple_bindings for an explanation.
SLF4J(I): Actual provider is of type [scribe.slf4j.ScribeServiceProvider@604850ec]
2024.05.30 06:20:00 WARN  Flyway upgrade recommended: H2 2.2.224 is newer than this version of Flyway and support has not been tested. The latest supported version of H2 is 2.2.220.
2024.05.30 06:20:01 INFO  Attempting to connect to the build server...
2024.05.30 06:20:02 INFO  no build target found for /Users/amirmohammadmehri/Documents/project/suniform/src/main/scala/suniform/question/QuestionModule.scala. Using presentation compiler with project's scala-library version: 3.3.3
2024.05.30 06:20:02 INFO  tracing is disabled for protocol BSP, to enable tracing of incoming and outgoing JSON messages create an empty file at /Users/amirmohammadmehri/Documents/project/suniform/.metals/bsp.trace.json or /Users/amirmohammadmehri/Library/Caches/org.scalameta.metals/bsp.trace.json
2024.05.30 06:20:02 INFO  Attempting to connect to the build server...
2024.05.30 06:20:02 INFO  tracing is disabled for protocol BSP, to enable tracing of incoming and outgoing JSON messages create an empty file at /Users/amirmohammadmehri/Documents/project/suniform/project/.metals/bsp.trace.json or /Users/amirmohammadmehri/Library/Caches/org.scalameta.metals/bsp.trace.json
2024.05.30 06:20:02 INFO  time: Connected to build server in 0.9s
2024.05.30 06:20:02 INFO  Connected to Build server: Bloop v1.5.17
2024.05.30 06:20:02 INFO  no build target found for /Users/amirmohammadmehri/Documents/project/suniform/src/main/scala/suniform/question/QuestionModule.scala. Using presentation compiler with project's scala-library version: 3.3.3
2024.05.30 06:20:17 INFO  time: indexed workspace in 14s
2024.05.30 06:44:41 INFO  time: code lens generation in 3.75s
2024.05.30 19:29:07 INFO  Shutting down server
2024.05.30 19:29:07 INFO  shutting down Metals
2024.05.30 19:29:07 INFO  Shut down connection with build server.
2024.05.30 19:29:07 INFO  Shut down connection with build server.
2024.05.30 19:29:07 INFO  Exiting server
2024.06.02 15:32:54 INFO  Started: Metals version 1.3.1 in folders '/Users/amirmohammadmehri/Documents/project/suniform' for client Visual Studio Code 1.89.1.
SLF4J(W): Class path contains multiple SLF4J providers.
SLF4J(W): Found provider [scribe.slf4j.ScribeServiceProvider@3fc0868f]
SLF4J(W): Found provider [ch.qos.logback.classic.spi.LogbackServiceProvider@3accce85]
SLF4J(W): See https://www.slf4j.org/codes.html#multiple_bindings for an explanation.
SLF4J(I): Actual provider is of type [scribe.slf4j.ScribeServiceProvider@3fc0868f]
2024.06.02 15:32:54 WARN  Flyway upgrade recommended: H2 2.2.224 is newer than this version of Flyway and support has not been tested. The latest supported version of H2 is 2.2.220.
2024.06.02 15:32:55 INFO  no build target found for /Users/amirmohammadmehri/Documents/project/suniform/src/main/scala/suniform/Runner.scala. Using presentation compiler with project's scala-library version: 3.3.3
2024.06.02 15:32:56 INFO  Attempting to connect to the build server...
2024.06.02 15:33:00 INFO  tracing is disabled for protocol BSP, to enable tracing of incoming and outgoing JSON messages create an empty file at /Users/amirmohammadmehri/Documents/project/suniform/.metals/bsp.trace.json or /Users/amirmohammadmehri/Library/Caches/org.scalameta.metals/bsp.trace.json
2024.06.02 15:33:00 INFO  Attempting to connect to the build server...
2024.06.02 15:33:00 INFO  tracing is disabled for protocol BSP, to enable tracing of incoming and outgoing JSON messages create an empty file at /Users/amirmohammadmehri/Documents/project/suniform/project/.metals/bsp.trace.json or /Users/amirmohammadmehri/Library/Caches/org.scalameta.metals/bsp.trace.json
2024.06.02 15:33:00 INFO  time: Connected to build server in 4.89s
2024.06.02 15:33:00 INFO  Connected to Build server: Bloop v1.5.17
2024.06.02 15:33:00 INFO  time: Imported build in 0.15s
2024.06.02 15:33:15 INFO  no build target found for /Users/amirmohammadmehri/Documents/project/suniform/src/main/scala/suniform/Runner.scala. Using presentation compiler with project's scala-library version: 3.3.3
2024.06.02 15:36:19 INFO  no build target found for /Users/amirmohammadmehri/Documents/project/suniform/src/main/scala/suniform/question/QuestionModule.scala. Using presentation compiler with project's scala-library version: 2.13.13
Jun 02, 2024 3:36:19 PM org.eclipse.lsp4j.jsonrpc.RemoteEndpoint handleCancellation
WARNING: Unmatched cancel notification for request id 9
Jun 02, 2024 3:36:19 PM org.eclipse.lsp4j.jsonrpc.RemoteEndpoint handleCancellation
WARNING: Unmatched cancel notification for request id 12
Jun 02, 2024 3:36:19 PM org.eclipse.lsp4j.jsonrpc.RemoteEndpoint handleCancellation
WARNING: Unmatched cancel notification for request id 14
Jun 02, 2024 3:36:19 PM org.eclipse.lsp4j.jsonrpc.RemoteEndpoint handleCancellation
WARNING: Unmatched cancel notification for request id 18
Exception in thread "pool-7-thread-1" java.lang.InterruptedException
	at scala.meta.internal.metals.FutureCancelToken.checkCanceled(FutureCancelToken.scala:29)
	at scala.meta.internal.pc.CompilerAccess.$anonfun$onCompilerJobQueue$1(CompilerAccess.scala:243)
	at scala.meta.internal.pc.CompilerJobQueue$Job.run(CompilerJobQueue.scala:152)
	at java.base/java.util.concurrent.ThreadPoolExecutor.runWorker(ThreadPoolExecutor.java:1136)
	at java.base/java.util.concurrent.ThreadPoolExecutor$Worker.run(ThreadPoolExecutor.java:635)
	at java.base/java.lang.Thread.run(Thread.java:833)
Jun 02, 2024 3:36:20 PM org.eclipse.lsp4j.jsonrpc.RemoteEndpoint handleCancellation
WARNING: Unmatched cancel notification for request id 28
Jun 02, 2024 3:36:20 PM org.eclipse.lsp4j.jsonrpc.RemoteEndpoint handleCancellation
WARNING: Unmatched cancel notification for request id 26
Jun 02, 2024 3:36:20 PM org.eclipse.lsp4j.jsonrpc.RemoteEndpoint handleCancellation
WARNING: Unmatched cancel notification for request id 36
Jun 02, 2024 3:36:20 PM org.eclipse.lsp4j.jsonrpc.RemoteEndpoint handleCancellation
WARNING: Unmatched cancel notification for request id 42
Jun 02, 2024 3:36:20 PM org.eclipse.lsp4j.jsonrpc.RemoteEndpoint handleCancellation
WARNING: Unmatched cancel notification for request id 56
Jun 02, 2024 3:36:20 PM org.eclipse.lsp4j.jsonrpc.RemoteEndpoint handleCancellation
WARNING: Unmatched cancel notification for request id 60
Jun 02, 2024 3:36:20 PM org.eclipse.lsp4j.jsonrpc.RemoteEndpoint handleCancellation
WARNING: Unmatched cancel notification for request id 65
Jun 02, 2024 3:36:20 PM org.eclipse.lsp4j.jsonrpc.RemoteEndpoint handleCancellation
WARNING: Unmatched cancel notification for request id 66
Jun 02, 2024 3:36:20 PM org.eclipse.lsp4j.jsonrpc.RemoteEndpoint handleCancellation
WARNING: Unmatched cancel notification for request id 71
Jun 02, 2024 3:36:20 PM org.eclipse.lsp4j.jsonrpc.RemoteEndpoint handleCancellation
WARNING: Unmatched cancel notification for request id 72
Jun 02, 2024 3:36:20 PM org.eclipse.lsp4j.jsonrpc.RemoteEndpoint handleCancellation
WARNING: Unmatched cancel notification for request id 74
Jun 02, 2024 3:36:20 PM org.eclipse.lsp4j.jsonrpc.RemoteEndpoint handleCancellation
WARNING: Unmatched cancel notification for request id 77
Jun 02, 2024 3:36:20 PM org.eclipse.lsp4j.jsonrpc.RemoteEndpoint handleCancellation
WARNING: Unmatched cancel notification for request id 84
Jun 02, 2024 3:36:20 PM org.eclipse.lsp4j.jsonrpc.RemoteEndpoint handleCancellation
WARNING: Unmatched cancel notification for request id 78
Jun 02, 2024 3:36:20 PM org.eclipse.lsp4j.jsonrpc.RemoteEndpoint handleCancellation
WARNING: Unmatched cancel notification for request id 88
Jun 02, 2024 3:36:20 PM org.eclipse.lsp4j.jsonrpc.RemoteEndpoint handleCancellation
WARNING: Unmatched cancel notification for request id 86
Jun 02, 2024 3:36:20 PM org.eclipse.lsp4j.jsonrpc.RemoteEndpoint handleCancellation
WARNING: Unmatched cancel notification for request id 94
Jun 02, 2024 3:36:20 PM org.eclipse.lsp4j.jsonrpc.RemoteEndpoint handleCancellation
WARNING: Unmatched cancel notification for request id 104
Jun 02, 2024 3:36:20 PM org.eclipse.lsp4j.jsonrpc.RemoteEndpoint handleCancellation
WARNING: Unmatched cancel notification for request id 109
Jun 02, 2024 3:36:20 PM org.eclipse.lsp4j.jsonrpc.RemoteEndpoint handleCancellation
WARNING: Unmatched cancel notification for request id 112
Jun 02, 2024 3:36:20 PM org.eclipse.lsp4j.jsonrpc.RemoteEndpoint handleCancellation
WARNING: Unmatched cancel notification for request id 120
Jun 02, 2024 3:36:20 PM org.eclipse.lsp4j.jsonrpc.RemoteEndpoint handleCancellation
WARNING: Unmatched cancel notification for request id 125
Jun 02, 2024 3:36:20 PM org.eclipse.lsp4j.jsonrpc.RemoteEndpoint handleCancellation
WARNING: Unmatched cancel notification for request id 128
Jun 02, 2024 3:36:20 PM org.eclipse.lsp4j.jsonrpc.RemoteEndpoint handleCancellation
WARNING: Unmatched cancel notification for request id 133
2024.06.02 15:36:32 INFO  time: indexed workspace in 13s
Jun 03, 2024 4:29:12 AM org.eclipse.lsp4j.jsonrpc.services.GenericEndpoint notify
INFO: Unsupported notification method: $/setTrace
